2025-04-04 12:42:39.043 === Inicio de sesión ===
2025-04-04 12:42:39.044 [SISTEMA] Versión 0.1.0 | Plataforma: windows
2025-04-04 12:42:39.044 [INFO] Iniciando procesamiento de archivos RINEX

2025-04-04 12:43:05.141 === Nueva ejecución ===
2025-04-04 12:43:05.142 [SISTEMA] Versión 0.1.0 | Plataforma: windows
2025-04-04 12:43:05.142 [INFO] Iniciando procesamiento de archivos RINEX

2025-04-04 12:52:00.627 === Nueva ejecución ===
2025-04-04 12:52:00.628 [SISTEMA] Versión 0.1.0 | Plataforma: windows
2025-04-04 12:52:00.628 [INFO] Iniciando procesamiento de archivos RINEX

2025-04-04 14:14:31.692 === Nueva ejecución ===
2025-04-04 14:14:31.693 [SISTEMA] Versión 0.1.0 | Plataforma: windows
2025-04-04 14:14:31.693 [INFO] Iniciando procesamiento de archivos RINEX

2025-04-04 14:14:31.781 === Nueva ejecución ===
2025-04-04 14:14:31.782 [SISTEMA] Versión 0.1.0 | Plataforma: windows
2025-04-04 14:14:31.782 [INFO] Iniciando procesamiento de archivos RINEX

2025-04-04 14:14:31.793 === Nueva ejecución ===
2025-04-04 14:14:31.793 [SISTEMA] Versión 0.1.0 | Plataforma: windows
2025-04-04 14:14:31.793 [INFO] Iniciando procesamiento de archivos RINEX

2025-04-04 14:14:31.803 === Nueva ejecución ===
2025-04-04 14:14:31.804 [SISTEMA] Versión 0.1.0 | Plataforma: windows
2025-04-04 14:14:31.804 [INFO] Iniciando procesamiento de archivos RINEX

2025-04-04 14:14:31.814 === Nueva ejecución ===
2025-04-04 14:14:31.815 [SISTEMA] Versión 0.1.0 | Plataforma: windows
2025-04-04 14:14:31.815 [INFO] Iniciando procesamiento de archivos RINEX

2025-04-04 14:14:31.826 === Nueva ejecución ===
2025-04-04 14:14:31.827 [SISTEMA] Versión 0.1.0 | Plataforma: windows
2025-04-04 14:14:31.827 [INFO] Iniciando procesamiento de archivos RINEX

2025-04-04 14:14:31.837 === Nueva ejecución ===
2025-04-04 14:14:31.838 [SISTEMA] Versión 0.1.0 | Plataforma: windows
2025-04-04 14:14:31.838 [INFO] Iniciando procesamiento de archivos RINEX

2025-04-04 14:14:31.847 === Nueva ejecución ===
2025-04-04 14:14:31.848 [SISTEMA] Versión 0.1.0 | Plataforma: windows
2025-04-04 14:14:31.848 [INFO] Iniciando procesamiento de archivos RINEX

2025-04-04 14:14:31.859 === Nueva ejecución ===
2025-04-04 14:14:31.859 [SISTEMA] Versión 0.1.0 | Plataforma: windows
2025-04-04 14:14:31.859 [INFO] Iniciando procesamiento de archivos RINEX

2025-04-07 19:28:12.033 === Nueva ejecución ===
2025-04-07 19:28:12.034 [SISTEMA] Versión 0.1.0 | Plataforma: windows
2025-04-07 19:28:12.034 [INFO] Iniciando procesamiento de archivos RINEX

2025-04-07 19:28:12.049 === Nueva ejecución ===
2025-04-07 19:28:12.050 [SISTEMA] Versión 0.1.0 | Plataforma: windows
2025-04-07 19:28:12.050 [INFO] Iniciando procesamiento de archivos RINEX

2025-04-07 19:29:12.116 === Nueva ejecución ===
2025-04-07 19:29:12.119 [SISTEMA] Versión 0.1.0 | Plataforma: windows
2025-04-07 19:29:12.119 [INFO] Iniciando procesamiento de archivos RINEX

2025-04-07 19:29:12.235 === Nueva ejecución ===
2025-04-07 19:29:12.236 [SISTEMA] Versión 0.1.0 | Plataforma: windows
2025-04-07 19:29:12.236 [INFO] Iniciando procesamiento de archivos RINEX

2025-04-07 19:29:12.248 === Nueva ejecución ===
2025-04-07 19:29:12.249 [SISTEMA] Versión 0.1.0 | Plataforma: windows
2025-04-07 19:29:12.249 [INFO] Iniciando procesamiento de archivos RINEX

2025-04-07 19:29:12.259 === Nueva ejecución ===
2025-04-07 19:29:12.259 [SISTEMA] Versión 0.1.0 | Plataforma: windows
2025-04-07 19:29:12.259 [INFO] Iniciando procesamiento de archivos RINEX

2025-04-07 19:29:12.269 === Nueva ejecución ===
2025-04-07 19:29:12.270 [SISTEMA] Versión 0.1.0 | Plataforma: windows
2025-04-07 19:29:12.270 [INFO] Iniciando procesamiento de archivos RINEX

2025-04-07 19:29:42.405 === Nueva ejecución ===
2025-04-07 19:29:42.406 [SISTEMA] Versión 0.1.0 | Plataforma: windows
2025-04-07 19:29:42.406 [INFO] Iniciando procesamiento de archivos RINEX

2025-05-12 14:43:25.281 === Nueva ejecución ===
2025-05-12 14:43:25.282 [SISTEMA] Versión 0.1.0 | Plataforma: windows
2025-05-12 14:43:25.283 [INFO] Iniciando procesamiento de archivos RINEX
2025-05-12 14:43:25.283 [ERROR] No se proporcionó ruta de carpeta como argumento.
